Data exist in bronze storage
Processing Hindustan_Time RSS feed
100 rows extracted
Out of 100 row 3 rows selected
3 rows appended
Processing Times_of_India RSS feed
47 rows extracted
Out of 47 row 7 rows selected
7 rows appended
Processing The_Hindu RSS feed
100 rows extracted
Out of 100 row 1 rows selected
1 rows appended
Processing Indian_Express RSS feed
200 rows extracted
Out of 200 row 14 rows selected
14 rows appended
Processing India_Today RSS feed
121 rows extracted
Out of 121 row 13 rows selected
13 rows appended
Processing NDTV RSS feed
20 rows extracted
Out of 20 row 20 rows selected
20 rows appended
Processing News_18 RSS feed
199 rows extracted
Out of 199 row 5 rows selected
5 rows appended
Processing Firstpost RSS feed
200 rows extracted
No new rows to append
Processing DNA RSS feed
20 rows extracted
Out of 20 row 1 rows selected
1 rows appended
Processing Scroll RSS feed
100 rows extracted
No new rows to append
Processing Op_India RSS feed
10 rows extracted
No new rows to append
